<?xml version="1.0" encoding="UTF-8"?>
<!-- Generated by org.testng.reporters.JUnitReportReporter -->
<testsuite hostname="DESKTOP-2R54049" failures="0" tests="19" name="ui.testsrequired" time="22.142" errors="0" timestamp="2024-10-29T03:01:59 EET" skipped="0">
  <testcase classname="ui.testsrequired" name="test_menu_button" time="13.343"/>
  <system-out/>
  <testcase classname="ui.testsrequired" name="Testlogin" time="0.127"/>
  <system-out/>
  <testcase classname="ui.testsrequired" name="Testlogin" time="0.341"/>
  <system-out/>
  <testcase classname="ui.testsrequired" name="Testlogin" time="0.161"/>
  <system-out/>
  <testcase classname="ui.testsrequired" name="Testlogin" time="0.127"/>
  <system-out/>
  <testcase classname="ui.testsrequired" name="Testlogin" time="0.137"/>
  <system-out/>
  <testcase classname="ui.testsrequired" name="Testlogin" time="5.187"/>
  <system-out/>
  <testcase classname="ui.testsrequired" name="Testlogin" time="0.149"/>
  <system-out/>
  <testcase classname="ui.testsrequired" name="Testlogin" time="0.148"/>
  <system-out/>
  <testcase classname="ui.testsrequired" name="Testlogin" time="0.122"/>
  <system-out/>
  <testcase classname="ui.testsrequired" name="Testlogin" time="0.121"/>
  <system-out/>
  <testcase classname="ui.testsrequired" name="Testlogin" time="0.124"/>
  <system-out/>
  <testcase classname="ui.testsrequired" name="test_products" time="0.209"/>
  <system-out/>
  <testcase classname="ui.testsrequired" name="test_products" time="0.205"/>
  <system-out/>
  <testcase classname="ui.testsrequired" name="test_products" time="0.139"/>
  <system-out/>
  <testcase classname="ui.testsrequired" name="test_products" time="0.842"/>
  <system-out/>
  <testcase classname="ui.testsrequired" name="test_products" time="0.198"/>
  <system-out/>
  <testcase classname="ui.testsrequired" name="test_products" time="0.168"/>
  <system-out/>
  <testcase classname="ui.testsrequired" name="cart_checkout" time="0.294"/>
  <system-out/>
</testsuite> <!-- ui.testsrequired -->
